
rate control: sequence initialization
 initial global complexity measures (I,P,B): Xi=556522, Xp=208696, Xb=146087
 reaction parameter: r=32000
 initial virtual buffer fullness (I,P,B): d0i=10323, d0p=10323, d0b=14452
 initial average activity: avg_act=400.0

rate control: new group of pictures (GOP)
 target number of bits for GOP: R=48000
 number of P pictures in GOP: Np=1
 number of B pictures in GOP: Nb=1

Frame 0 (#0 in display order):
 picture_type=I
 temporal_reference=0
 frame_pred_frame_dct=1
 q_scale_type=0
 intra_vlc_format=1
 alternate_scan=1

rate control: start of picture
 target number of bits: T=30720

vbv_delay=19211 (bitcount=632, decoding_time=19353.60, bitcnt_EOP=0)

rate control: end of picture
 actual number of bits: S=14113
 average quantization parameter Q=9.9
 remaining number of bits in GOP: R=33887
 global complexity measures (I,P,B): Xi=69683, Xp=208696, Xb=146087
 virtual buffer fullness (I,P,B): d0i=-6284, d0p=10323, d0b=14452
 remaining number of P pictures in GOP: Np=1
 remaining number of B pictures in GOP: Nb=1
 average activity: avg_act=142.1
Y: variance=4544, MSE=30.3 (33.3 dB), SNR=21.8 dB
U: variance=3185, MSE=3.03 (43.3 dB), SNR=30.2 dB
V: variance=6106, MSE=3.24 ( 43 dB), SNR=32.8 dB

picture statistics:
 # of intra coded macroblocks:    64 (100.0%)
 # of coded blocks:              384 (100.0%)
 # of not coded macroblocks:       0 (0.0%)
 # of skipped macroblocks:         0 (0.0%)
 # of forw. pred. macroblocks:     0 (0.0%)
 # of backw. pred. macroblocks:    0 (0.0%)
 # of interpolated macroblocks:    0 (0.0%)

macroblock_type map:
I  I  I  I  I  I  I  I  
I  I  I  I  I  IQ I  I  
I  I  I  IQ I  I  I  I  
IQ I  IQ I  I  IQ I  I  
I  IQ I  I  I  I  IQ I  
I  I  I  IQ I  I  I  I  
I  I  I  I  I  I  I  I  
I  I  I  I  I  I  I  I  

mquant map:
 20                     
 20             12      
 12       20            
 10    16       10      
 10  6              4   
  4        2            
  2                     
  2                     

Frame 1 (#2 in display order):
 picture_type=P
 temporal_reference=2
 frame_pred_frame_dct=0
 q_scale_type=1
 intra_vlc_format=1
 alternate_scan=0
 forward search window: -11...11 / -11...11
 forward vector range: -16...15.5 / -16...15.5

rate control: start of picture
 target number of bits: T=22591

vbv_delay=19636 (bitcount=14744, decoding_time=22953.60, bitcnt_EOP=14712)

rate control: end of picture
 actual number of bits: S=9774
 average quantization parameter Q=12.6
 remaining number of bits in GOP: R=24113
 global complexity measures (I,P,B): Xi=69683, Xp=61546, Xb=146087
 virtual buffer fullness (I,P,B): d0i=-6284, d0p=-2494, d0b=14452
 remaining number of P pictures in GOP: Np=0
 remaining number of B pictures in GOP: Nb=1
 average activity: avg_act=157.5
Y: variance=4897, MSE=38.5 (32.3 dB), SNR= 21 dB
U: variance=3066, MSE=5.95 (40.4 dB), SNR=27.1 dB
V: variance=6117, MSE=6.89 (39.8 dB), SNR=29.5 dB

picture statistics:
 # of intra coded macroblocks:     4 (6.2%)
 # of coded blocks:              150 (39.1%)
 # of not coded macroblocks:       8 (12.5%)
 # of skipped macroblocks:        24 (37.5%)
 # of forw. pred. macroblocks:    26 (40.6%)
 # of backw. pred. macroblocks:    0 (0.0%)
 # of interpolated macroblocks:    0 (0.0%)

macroblock_type map:
0Q 0Q 0Q 0Q 0Q 0Q IQ IQ 
0  0Q 0Q 0  fQ f  FQ F  
fQ FQ fQ F  FQ FQ FQ FQ 
IQ I  FQ F  FQ F  F  fQ 
FN SN SN SN SN SN SN FN 
FN SN SN SN SN SN SN FN 
FN SN SN SN SN SN SN FN 
FN SN SN SN SN SN SN FN 

mquant map:
 28 24 28 24 22 24 22 24
 24 20 24    22    18   
 22 20 24    28 14 24 28
  8    14    24       22
  8        7        6   
  6  5        4        3
  3     2        1      
  1                     

Frame 2 (#1 in display order):
 picture_type=B
 temporal_reference=1
 frame_pred_frame_dct=0
 q_scale_type=1
 intra_vlc_format=0
 alternate_scan=1
 forward search window: -3...3 / -3...3
 forward vector range: -8...7.5 / -8...7.5
 backward search window: -7...7 / -7...7
 backward vector range: -8...7.5 / -8...7.5

rate control: start of picture
 target number of bits: T=24113

vbv_delay=21036 (bitcount=24520, decoding_time=26553.60, bitcnt_EOP=24488)

rate control: end of picture
 actual number of bits: S=6412
 average quantization parameter Q=14.2
 remaining number of bits in GOP: R=17701
 global complexity measures (I,P,B): Xi=69683, Xp=61546, Xb=45385
 virtual buffer fullness (I,P,B): d0i=-6284, d0p=-2494, d0b=-3249
 remaining number of P pictures in GOP: Np=0
 remaining number of B pictures in GOP: Nb=0
 average activity: avg_act=172.4
Y: variance=4717, MSE=36.8 (32.5 dB), SNR=21.1 dB
U: variance=3139, MSE=5.02 (41.1 dB), SNR= 28 dB
V: variance=6137, MSE=5.37 (40.8 dB), SNR=30.6 dB

picture statistics:
 # of intra coded macroblocks:     1 (1.6%)
 # of coded blocks:              107 (27.9%)
 # of not coded macroblocks:      42 (65.6%)
 # of skipped macroblocks:         0 (0.0%)
 # of forw. pred. macroblocks:     0 (0.0%)
 # of backw. pred. macroblocks:   48 (75.0%)
 # of interpolated macroblocks:   15 (23.4%)

macroblock_type map:
dN bN dN dN dN dN bQ b  
dN dN bN bN bQ dQ BQ bQ 
dQ B  D  BQ B  BQ BQ BQ 
IQ b  b  dQ DQ DQ dQ D  
bN bN bN bN bN bN bN bN 
bN bN bN bN bN bN bN bN 
bN bN bN bN bN bN bN bN 
bN bN bN bN bN bN bN bN 

mquant map:
 36 32 40 32            
 28 24 28       24 16 28
 24       28    18 28 18
  8       18 28 24 20   
  8     7        6      
  5        4        3   
  3  2     1            
  1                     
